Building DAG of jobs...
Provided cores: 12
Rules claiming more threads will be scaled down.
Job counts:
	count	jobs
	1	all
	24	cluster_ecn_barcodes
	24	extract_barcodes_from_fq
	49

rule extract_barcodes_from_fq:
    input: /DATA/usr/m.trauernicht/projects/SuRE-TF/data/gcf6210_gen-2/raw/6210_11_A549_pMT02_Dex-100_rep1_GCTTGT-AGCGCTAG_S11_R1_001.fastq.gz
    output: results/6210_11_A549_pMT02_Dex-100_rep1_GCTTGT-AGCGCTAG_S11_barcodes.tsv
    log: logs/6210_11_A549_pMT02_Dex-100_rep1_GCTTGT-AGCGCTAG_S11_extract_barcodes_from_fq.log
    jobid: 29
    wildcards: ecn=6210_11_A549_pMT02_Dex-100_rep1_GCTTGT-AGCGCTAG_S11

rule extract_barcodes_from_fq:
    input: /DATA/usr/m.trauernicht/projects/SuRE-TF/data/gcf6210_gen-2/raw/6210_45_A549_pMT02_DMSO_rep3_CTTGTA-CGCAGACG_S45_R1_001.fastq.gz
    output: results/6210_45_A549_pMT02_DMSO_rep3_CTTGTA-CGCAGACG_S45_barcodes.tsv
    log: logs/6210_45_A549_pMT02_DMSO_rep3_CTTGTA-CGCAGACG_S45_extract_barcodes_from_fq.log
    jobid: 46
    wildcards: ecn=6210_45_A549_pMT02_DMSO_rep3_CTTGTA-CGCAGACG_S45

rule extract_barcodes_from_fq:
    input: /DATA/usr/m.trauernicht/projects/SuRE-TF/data/gcf6210_gen-2/raw/6210_22_U2OS_pMT02_DMSO_rep2_ACAGTG-GATATCGA_S22_R1_001.fastq.gz
    output: results/6210_22_U2OS_pMT02_DMSO_rep2_ACAGTG-GATATCGA_S22_barcodes.tsv
    log: logs/6210_22_U2OS_pMT02_DMSO_rep2_ACAGTG-GATATCGA_S22_extract_barcodes_from_fq.log
    jobid: 43
    wildcards: ecn=6210_22_U2OS_pMT02_DMSO_rep2_ACAGTG-GATATCGA_S22


rule extract_barcodes_from_fq:
    input: /DATA/usr/m.trauernicht/projects/SuRE-TF/data/gcf6210_gen-2/raw/6210_17_mES_pMT02_N2B27-Bmp4_rep1_AGGCAT-AGCGCTAG_S17_R1_001.fastq.gz
    output: results/6210_17_mES_pMT02_N2B27-Bmp4_rep1_AGGCAT-AGCGCTAG_S17_barcodes.tsv
    log: logs/6210_17_mES_pMT02_N2B27-Bmp4_rep1_AGGCAT-AGCGCTAG_S17_extract_barcodes_from_fq.log
    jobid: 44
    wildcards: ecn=6210_17_mES_pMT02_N2B27-Bmp4_rep1_AGGCAT-AGCGCTAG_S17


rule extract_barcodes_from_fq:
    input: /DATA/usr/m.trauernicht/projects/SuRE-TF/data/gcf6210_gen-2/raw/6210_7_U2OS_pMT02_FK_rep1_CAGATC-AGCGCTAG_S7_R1_001.fastq.gz
    output: results/6210_7_U2OS_pMT02_FK_rep1_CAGATC-AGCGCTAG_S7_barcodes.tsv
    log: logs/6210_7_U2OS_pMT02_FK_rep1_CAGATC-AGCGCTAG_S7_extract_barcodes_from_fq.log
    jobid: 26
    wildcards: ecn=6210_7_U2OS_pMT02_FK_rep1_CAGATC-AGCGCTAG_S7

rule extract_barcodes_from_fq:
    input: /DATA/usr/m.trauernicht/projects/SuRE-TF/data/gcf6210_gen-2/raw/6210_47_A549_pMT02_Nutlin_rep3_ATGTTT-CGCAGACG_S47_R1_001.fastq.gz
    output: results/6210_47_A549_pMT02_Nutlin_rep3_ATGTTT-CGCAGACG_S47_barcodes.tsv
    log: logs/6210_47_A549_pMT02_Nutlin_rep3_ATGTTT-CGCAGACG_S47_extract_barcodes_from_fq.log
    jobid: 33
    wildcards: ecn=6210_47_A549_pMT02_Nutlin_rep3_ATGTTT-CGCAGACG_S47


rule extract_barcodes_from_fq:
    input: /DATA/usr/m.trauernicht/projects/SuRE-TF/data/gcf6210_gen-2/raw/6210_6_U2OS_pMT02_LPS_rep1_GCCAAT-AGCGCTAG_S6_R1_001.fastq.gz
    output: results/6210_6_U2OS_pMT02_LPS_rep1_GCCAAT-AGCGCTAG_S6_barcodes.tsv
    log: logs/6210_6_U2OS_pMT02_LPS_rep1_GCCAAT-AGCGCTAG_S6_extract_barcodes_from_fq.log
    jobid: 47
    wildcards: ecn=6210_6_U2OS_pMT02_LPS_rep1_GCCAAT-AGCGCTAG_S6

rule extract_barcodes_from_fq:
    input: /DATA/usr/m.trauernicht/projects/SuRE-TF/data/gcf6210_gen-2/raw/6210_52_mES_pMT02_N2B27-Shh_rep3_GATCTG-CGCAGACG_S52_R1_001.fastq.gz
    output: results/6210_52_mES_pMT02_N2B27-Shh_rep3_GATCTG-CGCAGACG_S52_barcodes.tsv
    log: logs/6210_52_mES_pMT02_N2B27-Shh_rep3_GATCTG-CGCAGACG_S52_extract_barcodes_from_fq.log
    jobid: 39
    wildcards: ecn=6210_52_mES_pMT02_N2B27-Shh_rep3_GATCTG-CGCAGACG_S52


rule extract_barcodes_from_fq:
    input: /DATA/usr/m.trauernicht/projects/SuRE-TF/data/gcf6210_gen-2/raw/6210_46_A549_pMT02_Dex-100_rep3_GCTTGT-CGCAGACG_S46_R1_001.fastq.gz
    output: results/6210_46_A549_pMT02_Dex-100_rep3_GCTTGT-CGCAGACG_S46_barcodes.tsv
    log: logs/6210_46_A549_pMT02_Dex-100_rep3_GCTTGT-CGCAGACG_S46_extract_barcodes_from_fq.log
    jobid: 32
    wildcards: ecn=6210_46_A549_pMT02_Dex-100_rep3_GCTTGT-CGCAGACG_S46


rule extract_barcodes_from_fq:
    input: /DATA/usr/m.trauernicht/projects/SuRE-TF/data/gcf6210_gen-2/raw/6210_16_mES_pMT02_N2B27-Shh_rep1_GATCTG-AGCGCTAG_S16_R1_001.fastq.gz
    output: results/6210_16_mES_pMT02_N2B27-Shh_rep1_GATCTG-AGCGCTAG_S16_barcodes.tsv
    log: logs/6210_16_mES_pMT02_N2B27-Shh_rep1_GATCTG-AGCGCTAG_S16_extract_barcodes_from_fq.log
    jobid: 40
    wildcards: ecn=6210_16_mES_pMT02_N2B27-Shh_rep1_GATCTG-AGCGCTAG_S16


rule extract_barcodes_from_fq:
    input: /DATA/usr/m.trauernicht/projects/SuRE-TF/data/gcf6210_gen-2/raw/6210_53_mES_pMT02_N2B27-Bmp4_rep3_AGGCAT-CGCAGACG_S53_R1_001.fastq.gz
    output: results/6210_53_mES_pMT02_N2B27-Bmp4_rep3_AGGCAT-CGCAGACG_S53_barcodes.tsv
    log: logs/6210_53_mES_pMT02_N2B27-Bmp4_rep3_AGGCAT-CGCAGACG_S53_extract_barcodes_from_fq.log
    jobid: 37
    wildcards: ecn=6210_53_mES_pMT02_N2B27-Bmp4_rep3_AGGCAT-CGCAGACG_S53

rule extract_barcodes_from_fq:
    input: /DATA/usr/m.trauernicht/projects/SuRE-TF/data/gcf6210_gen-2/raw/6210_51_mES_pMT02_N2B27-RA_rep3_TCAGCG-CGCAGACG_S51_R1_001.fastq.gz
    output: results/6210_51_mES_pMT02_N2B27-RA_rep3_TCAGCG-CGCAGACG_S51_barcodes.tsv
    log: logs/6210_51_mES_pMT02_N2B27-RA_rep3_TCAGCG-CGCAGACG_S51_extract_barcodes_from_fq.log
    jobid: 34
    wildcards: ecn=6210_51_mES_pMT02_N2B27-RA_rep3_TCAGCG-CGCAGACG_S51

Finished job 37.
1 of 49 steps (2%) done

rule extract_barcodes_from_fq:
    input: /DATA/usr/m.trauernicht/projects/SuRE-TF/data/gcf6210_gen-2/raw/6210_24_U2OS_pMT02_FK_rep2_CAGATC-GATATCGA_S24_R1_001.fastq.gz
    output: results/6210_24_U2OS_pMT02_FK_rep2_CAGATC-GATATCGA_S24_barcodes.tsv
    log: logs/6210_24_U2OS_pMT02_FK_rep2_CAGATC-GATATCGA_S24_extract_barcodes_from_fq.log
    jobid: 48
    wildcards: ecn=6210_24_U2OS_pMT02_FK_rep2_CAGATC-GATATCGA_S24

Finished job 47.
2 of 49 steps (4%) done

rule extract_barcodes_from_fq:
    input: /DATA/usr/m.trauernicht/projects/SuRE-TF/data/gcf6210_gen-2/raw/6210_12_A549_pMT02_Nutlin_rep1_ATGTTT-AGCGCTAG_S12_R1_001.fastq.gz
    output: results/6210_12_A549_pMT02_Nutlin_rep1_ATGTTT-AGCGCTAG_S12_barcodes.tsv
    log: logs/6210_12_A549_pMT02_Nutlin_rep1_ATGTTT-AGCGCTAG_S12_extract_barcodes_from_fq.log
    jobid: 25
    wildcards: ecn=6210_12_A549_pMT02_Nutlin_rep1_ATGTTT-AGCGCTAG_S12

Finished job 44.
3 of 49 steps (6%) done

rule extract_barcodes_from_fq:
    input: /DATA/usr/m.trauernicht/projects/SuRE-TF/data/gcf6210_gen-2/raw/6210_23_U2OS_pMT02_LPS_rep2_GCCAAT-GATATCGA_S23_R1_001.fastq.gz
    output: results/6210_23_U2OS_pMT02_LPS_rep2_GCCAAT-GATATCGA_S23_barcodes.tsv
    log: logs/6210_23_U2OS_pMT02_LPS_rep2_GCCAAT-GATATCGA_S23_extract_barcodes_from_fq.log
    jobid: 27
    wildcards: ecn=6210_23_U2OS_pMT02_LPS_rep2_GCCAAT-GATATCGA_S23

Finished job 40.
4 of 49 steps (8%) done

rule extract_barcodes_from_fq:
    input: /DATA/usr/m.trauernicht/projects/SuRE-TF/data/gcf6210_gen-2/raw/6210_35_mES_pMT02_N2B27-Bmp4_rep2_AGGCAT-GATATCGA_S35_R1_001.fastq.gz
    output: results/6210_35_mES_pMT02_N2B27-Bmp4_rep2_AGGCAT-GATATCGA_S35_barcodes.tsv
    log: logs/6210_35_mES_pMT02_N2B27-Bmp4_rep2_AGGCAT-GATATCGA_S35_extract_barcodes_from_fq.log
    jobid: 41
    wildcards: ecn=6210_35_mES_pMT02_N2B27-Bmp4_rep2_AGGCAT-GATATCGA_S35

Finished job 29.
5 of 49 steps (10%) done

rule extract_barcodes_from_fq:
    input: /DATA/usr/m.trauernicht/projects/SuRE-TF/data/gcf6210_gen-2/raw/6210_5_U2OS_pMT02_DMSO_rep1_ACAGTG-AGCGCTAG_S5_R1_001.fastq.gz
    output: results/6210_5_U2OS_pMT02_DMSO_rep1_ACAGTG-AGCGCTAG_S5_barcodes.tsv
    log: logs/6210_5_U2OS_pMT02_DMSO_rep1_ACAGTG-AGCGCTAG_S5_extract_barcodes_from_fq.log
    jobid: 30
    wildcards: ecn=6210_5_U2OS_pMT02_DMSO_rep1_ACAGTG-AGCGCTAG_S5

Finished job 26.
6 of 49 steps (12%) done

rule extract_barcodes_from_fq:
    input: /DATA/usr/m.trauernicht/projects/SuRE-TF/data/gcf6210_gen-2/raw/6210_34_mES_pMT02_N2B27-Shh_rep2_GATCTG-GATATCGA_S34_R1_001.fastq.gz
    output: results/6210_34_mES_pMT02_N2B27-Shh_rep2_GATCTG-GATATCGA_S34_barcodes.tsv
    log: logs/6210_34_mES_pMT02_N2B27-Shh_rep2_GATCTG-GATATCGA_S34_extract_barcodes_from_fq.log
    jobid: 35
    wildcards: ecn=6210_34_mES_pMT02_N2B27-Shh_rep2_GATCTG-GATATCGA_S34

Finished job 46.
7 of 49 steps (14%) done

rule extract_barcodes_from_fq:
    input: /DATA/usr/m.trauernicht/projects/SuRE-TF/data/gcf6210_gen-2/raw/6210_15_mES_pMT02_N2B27-RA_rep1_TCAGCG-AGCGCTAG_S15_R1_001.fastq.gz
    output: results/6210_15_mES_pMT02_N2B27-RA_rep1_TCAGCG-AGCGCTAG_S15_barcodes.tsv
    log: logs/6210_15_mES_pMT02_N2B27-RA_rep1_TCAGCG-AGCGCTAG_S15_extract_barcodes_from_fq.log
    jobid: 36
    wildcards: ecn=6210_15_mES_pMT02_N2B27-RA_rep1_TCAGCG-AGCGCTAG_S15

Finished job 32.
8 of 49 steps (16%) done

rule extract_barcodes_from_fq:
    input: /DATA/usr/m.trauernicht/projects/SuRE-TF/data/gcf6210_gen-2/raw/6210_29_A549_pMT02_Nutlin_rep2_ATGTTT-GATATCGA_S29_R1_001.fastq.gz
    output: results/6210_29_A549_pMT02_Nutlin_rep2_ATGTTT-GATATCGA_S29_barcodes.tsv
    log: logs/6210_29_A549_pMT02_Nutlin_rep2_ATGTTT-GATATCGA_S29_extract_barcodes_from_fq.log
    jobid: 45
    wildcards: ecn=6210_29_A549_pMT02_Nutlin_rep2_ATGTTT-GATATCGA_S29

Finished job 25.
9 of 49 steps (18%) done

rule extract_barcodes_from_fq:
    input: /DATA/usr/m.trauernicht/projects/SuRE-TF/data/gcf6210_gen-2/raw/6210_33_mES_pMT02_N2B27-RA_rep2_TCAGCG-GATATCGA_S33_R1_001.fastq.gz
    output: results/6210_33_mES_pMT02_N2B27-RA_rep2_TCAGCG-GATATCGA_S33_barcodes.tsv
    log: logs/6210_33_mES_pMT02_N2B27-RA_rep2_TCAGCG-GATATCGA_S33_extract_barcodes_from_fq.log
    jobid: 28
    wildcards: ecn=6210_33_mES_pMT02_N2B27-RA_rep2_TCAGCG-GATATCGA_S33

Finished job 30.
10 of 49 steps (20%) done

rule extract_barcodes_from_fq:
    input: /DATA/usr/m.trauernicht/projects/SuRE-TF/data/gcf6210_gen-2/raw/6210_40_U2OS_pMT02_FK_rep3_CAGATC-CGCAGACG_S40_R1_001.fastq.gz
    output: results/6210_40_U2OS_pMT02_FK_rep3_CAGATC-CGCAGACG_S40_barcodes.tsv
    log: logs/6210_40_U2OS_pMT02_FK_rep3_CAGATC-CGCAGACG_S40_extract_barcodes_from_fq.log
    jobid: 31
    wildcards: ecn=6210_40_U2OS_pMT02_FK_rep3_CAGATC-CGCAGACG_S40

Finished job 48.
11 of 49 steps (22%) done

rule extract_barcodes_from_fq:
    input: /DATA/usr/m.trauernicht/projects/SuRE-TF/data/gcf6210_gen-2/raw/6210_10_A549_pMT02_DMSO_rep1_CTTGTA-AGCGCTAG_S10_R1_001.fastq.gz
    output: results/6210_10_A549_pMT02_DMSO_rep1_CTTGTA-AGCGCTAG_S10_barcodes.tsv
    log: logs/6210_10_A549_pMT02_DMSO_rep1_CTTGTA-AGCGCTAG_S10_extract_barcodes_from_fq.log
    jobid: 42
    wildcards: ecn=6210_10_A549_pMT02_DMSO_rep1_CTTGTA-AGCGCTAG_S10

Finished job 27.
12 of 49 steps (24%) done

rule extract_barcodes_from_fq:
    input: /DATA/usr/m.trauernicht/projects/SuRE-TF/data/gcf6210_gen-2/raw/6210_39_U2OS_pMT02_DMSO_rep3_ACAGTG-CGCAGACG_S39_R1_001.fastq.gz
    output: results/6210_39_U2OS_pMT02_DMSO_rep3_ACAGTG-CGCAGACG_S39_barcodes.tsv
    log: logs/6210_39_U2OS_pMT02_DMSO_rep3_ACAGTG-CGCAGACG_S39_extract_barcodes_from_fq.log
    jobid: 38
    wildcards: ecn=6210_39_U2OS_pMT02_DMSO_rep3_ACAGTG-CGCAGACG_S39

Finished job 35.
13 of 49 steps (27%) done
Finished job 41.
14 of 49 steps (29%) done
Finished job 33.
15 of 49 steps (31%) done
Finished job 43.
16 of 49 steps (33%) done
Finished job 36.
17 of 49 steps (35%) done
Finished job 39.
18 of 49 steps (37%) done
Finished job 34.
19 of 49 steps (39%) done
Finished job 38.
20 of 49 steps (41%) done
Finished job 45.
21 of 49 steps (43%) done
Finished job 42.
22 of 49 steps (45%) done
Finished job 31.
23 of 49 steps (47%) done
Finished job 28.
24 of 49 steps (49%) done

rule cluster_ecn_barcodes:
    input: results/6210_51_mES_pMT02_N2B27-RA_rep3_TCAGCG-CGCAGACG_S51_barcodes.tsv
    output: results/6210_51_mES_pMT02_N2B27-RA_rep3_TCAGCG-CGCAGACG_S51_barcode_counts.tsv
    log: logs/6210_51_mES_pMT02_N2B27-RA_rep3_TCAGCG-CGCAGACG_S51_cluster_ecn_barcodes.log
    jobid: 10
    wildcards: ecn=6210_51_mES_pMT02_N2B27-RA_rep3_TCAGCG-CGCAGACG_S51
    threads: 12

Finished job 10.
25 of 49 steps (51%) done

rule cluster_ecn_barcodes:
    input: results/6210_52_mES_pMT02_N2B27-Shh_rep3_GATCTG-CGCAGACG_S52_barcodes.tsv
    output: results/6210_52_mES_pMT02_N2B27-Shh_rep3_GATCTG-CGCAGACG_S52_barcode_counts.tsv
    log: logs/6210_52_mES_pMT02_N2B27-Shh_rep3_GATCTG-CGCAGACG_S52_cluster_ecn_barcodes.log
    jobid: 15
    wildcards: ecn=6210_52_mES_pMT02_N2B27-Shh_rep3_GATCTG-CGCAGACG_S52
    threads: 12

Finished job 15.
26 of 49 steps (53%) done

rule cluster_ecn_barcodes:
    input: results/6210_22_U2OS_pMT02_DMSO_rep2_ACAGTG-GATATCGA_S22_barcodes.tsv
    output: results/6210_22_U2OS_pMT02_DMSO_rep2_ACAGTG-GATATCGA_S22_barcode_counts.tsv
    log: logs/6210_22_U2OS_pMT02_DMSO_rep2_ACAGTG-GATATCGA_S22_cluster_ecn_barcodes.log
    jobid: 19
    wildcards: ecn=6210_22_U2OS_pMT02_DMSO_rep2_ACAGTG-GATATCGA_S22
    threads: 12

Finished job 19.
27 of 49 steps (55%) done

rule cluster_ecn_barcodes:
    input: results/6210_47_A549_pMT02_Nutlin_rep3_ATGTTT-CGCAGACG_S47_barcodes.tsv
    output: results/6210_47_A549_pMT02_Nutlin_rep3_ATGTTT-CGCAGACG_S47_barcode_counts.tsv
    log: logs/6210_47_A549_pMT02_Nutlin_rep3_ATGTTT-CGCAGACG_S47_cluster_ecn_barcodes.log
    jobid: 9
    wildcards: ecn=6210_47_A549_pMT02_Nutlin_rep3_ATGTTT-CGCAGACG_S47
    threads: 12

Finished job 9.
28 of 49 steps (57%) done

rule cluster_ecn_barcodes:
    input: results/6210_46_A549_pMT02_Dex-100_rep3_GCTTGT-CGCAGACG_S46_barcodes.tsv
    output: results/6210_46_A549_pMT02_Dex-100_rep3_GCTTGT-CGCAGACG_S46_barcode_counts.tsv
    log: logs/6210_46_A549_pMT02_Dex-100_rep3_GCTTGT-CGCAGACG_S46_cluster_ecn_barcodes.log
    jobid: 8
    wildcards: ecn=6210_46_A549_pMT02_Dex-100_rep3_GCTTGT-CGCAGACG_S46
    threads: 12

Finished job 8.
29 of 49 steps (59%) done

rule cluster_ecn_barcodes:
    input: results/6210_45_A549_pMT02_DMSO_rep3_CTTGTA-CGCAGACG_S45_barcodes.tsv
    output: results/6210_45_A549_pMT02_DMSO_rep3_CTTGTA-CGCAGACG_S45_barcode_counts.tsv
    log: logs/6210_45_A549_pMT02_DMSO_rep3_CTTGTA-CGCAGACG_S45_cluster_ecn_barcodes.log
    jobid: 22
    wildcards: ecn=6210_45_A549_pMT02_DMSO_rep3_CTTGTA-CGCAGACG_S45
    threads: 12

Finished job 22.
30 of 49 steps (61%) done

rule cluster_ecn_barcodes:
    input: results/6210_7_U2OS_pMT02_FK_rep1_CAGATC-AGCGCTAG_S7_barcodes.tsv
    output: results/6210_7_U2OS_pMT02_FK_rep1_CAGATC-AGCGCTAG_S7_barcode_counts.tsv
    log: logs/6210_7_U2OS_pMT02_FK_rep1_CAGATC-AGCGCTAG_S7_cluster_ecn_barcodes.log
    jobid: 2
    wildcards: ecn=6210_7_U2OS_pMT02_FK_rep1_CAGATC-AGCGCTAG_S7
    threads: 12

Finished job 2.
31 of 49 steps (63%) done

rule cluster_ecn_barcodes:
    input: results/6210_11_A549_pMT02_Dex-100_rep1_GCTTGT-AGCGCTAG_S11_barcodes.tsv
    output: results/6210_11_A549_pMT02_Dex-100_rep1_GCTTGT-AGCGCTAG_S11_barcode_counts.tsv
    log: logs/6210_11_A549_pMT02_Dex-100_rep1_GCTTGT-AGCGCTAG_S11_cluster_ecn_barcodes.log
    jobid: 5
    wildcards: ecn=6210_11_A549_pMT02_Dex-100_rep1_GCTTGT-AGCGCTAG_S11
    threads: 12

Finished job 5.
32 of 49 steps (65%) done

rule cluster_ecn_barcodes:
    input: results/6210_24_U2OS_pMT02_FK_rep2_CAGATC-GATATCGA_S24_barcodes.tsv
    output: results/6210_24_U2OS_pMT02_FK_rep2_CAGATC-GATATCGA_S24_barcode_counts.tsv
    log: logs/6210_24_U2OS_pMT02_FK_rep2_CAGATC-GATATCGA_S24_cluster_ecn_barcodes.log
    jobid: 24
    wildcards: ecn=6210_24_U2OS_pMT02_FK_rep2_CAGATC-GATATCGA_S24
    threads: 12

Finished job 24.
33 of 49 steps (67%) done

rule cluster_ecn_barcodes:
    input: results/6210_53_mES_pMT02_N2B27-Bmp4_rep3_AGGCAT-CGCAGACG_S53_barcodes.tsv
    output: results/6210_53_mES_pMT02_N2B27-Bmp4_rep3_AGGCAT-CGCAGACG_S53_barcode_counts.tsv
    log: logs/6210_53_mES_pMT02_N2B27-Bmp4_rep3_AGGCAT-CGCAGACG_S53_cluster_ecn_barcodes.log
    jobid: 13
    wildcards: ecn=6210_53_mES_pMT02_N2B27-Bmp4_rep3_AGGCAT-CGCAGACG_S53
    threads: 12

Finished job 13.
34 of 49 steps (69%) done

rule cluster_ecn_barcodes:
    input: results/6210_17_mES_pMT02_N2B27-Bmp4_rep1_AGGCAT-AGCGCTAG_S17_barcodes.tsv
    output: results/6210_17_mES_pMT02_N2B27-Bmp4_rep1_AGGCAT-AGCGCTAG_S17_barcode_counts.tsv
    log: logs/6210_17_mES_pMT02_N2B27-Bmp4_rep1_AGGCAT-AGCGCTAG_S17_cluster_ecn_barcodes.log
    jobid: 20
    wildcards: ecn=6210_17_mES_pMT02_N2B27-Bmp4_rep1_AGGCAT-AGCGCTAG_S17
    threads: 12

Finished job 20.
35 of 49 steps (71%) done

rule cluster_ecn_barcodes:
    input: results/6210_12_A549_pMT02_Nutlin_rep1_ATGTTT-AGCGCTAG_S12_barcodes.tsv
    output: results/6210_12_A549_pMT02_Nutlin_rep1_ATGTTT-AGCGCTAG_S12_barcode_counts.tsv
    log: logs/6210_12_A549_pMT02_Nutlin_rep1_ATGTTT-AGCGCTAG_S12_cluster_ecn_barcodes.log
    jobid: 1
    wildcards: ecn=6210_12_A549_pMT02_Nutlin_rep1_ATGTTT-AGCGCTAG_S12
    threads: 12

Finished job 1.
36 of 49 steps (73%) done

rule cluster_ecn_barcodes:
    input: results/6210_6_U2OS_pMT02_LPS_rep1_GCCAAT-AGCGCTAG_S6_barcodes.tsv
    output: results/6210_6_U2OS_pMT02_LPS_rep1_GCCAAT-AGCGCTAG_S6_barcode_counts.tsv
    log: logs/6210_6_U2OS_pMT02_LPS_rep1_GCCAAT-AGCGCTAG_S6_cluster_ecn_barcodes.log
    jobid: 23
    wildcards: ecn=6210_6_U2OS_pMT02_LPS_rep1_GCCAAT-AGCGCTAG_S6
    threads: 12

Finished job 23.
37 of 49 steps (76%) done

rule cluster_ecn_barcodes:
    input: results/6210_23_U2OS_pMT02_LPS_rep2_GCCAAT-GATATCGA_S23_barcodes.tsv
    output: results/6210_23_U2OS_pMT02_LPS_rep2_GCCAAT-GATATCGA_S23_barcode_counts.tsv
    log: logs/6210_23_U2OS_pMT02_LPS_rep2_GCCAAT-GATATCGA_S23_cluster_ecn_barcodes.log
    jobid: 3
    wildcards: ecn=6210_23_U2OS_pMT02_LPS_rep2_GCCAAT-GATATCGA_S23
    threads: 12

Finished job 3.
38 of 49 steps (78%) done

rule cluster_ecn_barcodes:
    input: results/6210_16_mES_pMT02_N2B27-Shh_rep1_GATCTG-AGCGCTAG_S16_barcodes.tsv
    output: results/6210_16_mES_pMT02_N2B27-Shh_rep1_GATCTG-AGCGCTAG_S16_barcode_counts.tsv
    log: logs/6210_16_mES_pMT02_N2B27-Shh_rep1_GATCTG-AGCGCTAG_S16_cluster_ecn_barcodes.log
    jobid: 16
    wildcards: ecn=6210_16_mES_pMT02_N2B27-Shh_rep1_GATCTG-AGCGCTAG_S16
    threads: 12

Finished job 16.
39 of 49 steps (80%) done

rule cluster_ecn_barcodes:
    input: results/6210_5_U2OS_pMT02_DMSO_rep1_ACAGTG-AGCGCTAG_S5_barcodes.tsv
    output: results/6210_5_U2OS_pMT02_DMSO_rep1_ACAGTG-AGCGCTAG_S5_barcode_counts.tsv
    log: logs/6210_5_U2OS_pMT02_DMSO_rep1_ACAGTG-AGCGCTAG_S5_cluster_ecn_barcodes.log
    jobid: 6
    wildcards: ecn=6210_5_U2OS_pMT02_DMSO_rep1_ACAGTG-AGCGCTAG_S5
    threads: 12

Finished job 6.
40 of 49 steps (82%) done

rule cluster_ecn_barcodes:
    input: results/6210_35_mES_pMT02_N2B27-Bmp4_rep2_AGGCAT-GATATCGA_S35_barcodes.tsv
    output: results/6210_35_mES_pMT02_N2B27-Bmp4_rep2_AGGCAT-GATATCGA_S35_barcode_counts.tsv
    log: logs/6210_35_mES_pMT02_N2B27-Bmp4_rep2_AGGCAT-GATATCGA_S35_cluster_ecn_barcodes.log
    jobid: 17
    wildcards: ecn=6210_35_mES_pMT02_N2B27-Bmp4_rep2_AGGCAT-GATATCGA_S35
    threads: 12

Finished job 17.
41 of 49 steps (84%) done

rule cluster_ecn_barcodes:
    input: results/6210_34_mES_pMT02_N2B27-Shh_rep2_GATCTG-GATATCGA_S34_barcodes.tsv
    output: results/6210_34_mES_pMT02_N2B27-Shh_rep2_GATCTG-GATATCGA_S34_barcode_counts.tsv
    log: logs/6210_34_mES_pMT02_N2B27-Shh_rep2_GATCTG-GATATCGA_S34_cluster_ecn_barcodes.log
    jobid: 11
    wildcards: ecn=6210_34_mES_pMT02_N2B27-Shh_rep2_GATCTG-GATATCGA_S34
    threads: 12

Finished job 11.
42 of 49 steps (86%) done

rule cluster_ecn_barcodes:
    input: results/6210_29_A549_pMT02_Nutlin_rep2_ATGTTT-GATATCGA_S29_barcodes.tsv
    output: results/6210_29_A549_pMT02_Nutlin_rep2_ATGTTT-GATATCGA_S29_barcode_counts.tsv
    log: logs/6210_29_A549_pMT02_Nutlin_rep2_ATGTTT-GATATCGA_S29_cluster_ecn_barcodes.log
    jobid: 21
    wildcards: ecn=6210_29_A549_pMT02_Nutlin_rep2_ATGTTT-GATATCGA_S29
    threads: 12

Finished job 21.
43 of 49 steps (88%) done

rule cluster_ecn_barcodes:
    input: results/6210_40_U2OS_pMT02_FK_rep3_CAGATC-CGCAGACG_S40_barcodes.tsv
    output: results/6210_40_U2OS_pMT02_FK_rep3_CAGATC-CGCAGACG_S40_barcode_counts.tsv
    log: logs/6210_40_U2OS_pMT02_FK_rep3_CAGATC-CGCAGACG_S40_cluster_ecn_barcodes.log
    jobid: 7
    wildcards: ecn=6210_40_U2OS_pMT02_FK_rep3_CAGATC-CGCAGACG_S40
    threads: 12

Finished job 7.
44 of 49 steps (90%) done

rule cluster_ecn_barcodes:
    input: results/6210_10_A549_pMT02_DMSO_rep1_CTTGTA-AGCGCTAG_S10_barcodes.tsv
    output: results/6210_10_A549_pMT02_DMSO_rep1_CTTGTA-AGCGCTAG_S10_barcode_counts.tsv
    log: logs/6210_10_A549_pMT02_DMSO_rep1_CTTGTA-AGCGCTAG_S10_cluster_ecn_barcodes.log
    jobid: 18
    wildcards: ecn=6210_10_A549_pMT02_DMSO_rep1_CTTGTA-AGCGCTAG_S10
    threads: 12

Finished job 18.
45 of 49 steps (92%) done

rule cluster_ecn_barcodes:
    input: results/6210_15_mES_pMT02_N2B27-RA_rep1_TCAGCG-AGCGCTAG_S15_barcodes.tsv
    output: results/6210_15_mES_pMT02_N2B27-RA_rep1_TCAGCG-AGCGCTAG_S15_barcode_counts.tsv
    log: logs/6210_15_mES_pMT02_N2B27-RA_rep1_TCAGCG-AGCGCTAG_S15_cluster_ecn_barcodes.log
    jobid: 12
    wildcards: ecn=6210_15_mES_pMT02_N2B27-RA_rep1_TCAGCG-AGCGCTAG_S15
    threads: 12

Finished job 12.
46 of 49 steps (94%) done

rule cluster_ecn_barcodes:
    input: results/6210_33_mES_pMT02_N2B27-RA_rep2_TCAGCG-GATATCGA_S33_barcodes.tsv
    output: results/6210_33_mES_pMT02_N2B27-RA_rep2_TCAGCG-GATATCGA_S33_barcode_counts.tsv
    log: logs/6210_33_mES_pMT02_N2B27-RA_rep2_TCAGCG-GATATCGA_S33_cluster_ecn_barcodes.log
    jobid: 4
    wildcards: ecn=6210_33_mES_pMT02_N2B27-RA_rep2_TCAGCG-GATATCGA_S33
    threads: 12

Finished job 4.
47 of 49 steps (96%) done

rule cluster_ecn_barcodes:
    input: results/6210_39_U2OS_pMT02_DMSO_rep3_ACAGTG-CGCAGACG_S39_barcodes.tsv
    output: results/6210_39_U2OS_pMT02_DMSO_rep3_ACAGTG-CGCAGACG_S39_barcode_counts.tsv
    log: logs/6210_39_U2OS_pMT02_DMSO_rep3_ACAGTG-CGCAGACG_S39_cluster_ecn_barcodes.log
    jobid: 14
    wildcards: ecn=6210_39_U2OS_pMT02_DMSO_rep3_ACAGTG-CGCAGACG_S39
    threads: 12

Finished job 14.
48 of 49 steps (98%) done

localrule all:
    input: results/6210_16_mES_pMT02_N2B27-Shh_rep1_GATCTG-AGCGCTAG_S16_barcode_counts.tsv, results/6210_22_U2OS_pMT02_DMSO_rep2_ACAGTG-GATATCGA_S22_barcode_counts.tsv, results/6210_34_mES_pMT02_N2B27-Shh_rep2_GATCTG-GATATCGA_S34_barcode_counts.tsv, results/6210_10_A549_pMT02_DMSO_rep1_CTTGTA-AGCGCTAG_S10_barcode_counts.tsv, results/6210_39_U2OS_pMT02_DMSO_rep3_ACAGTG-CGCAGACG_S39_barcode_counts.tsv, results/6210_11_A549_pMT02_Dex-100_rep1_GCTTGT-AGCGCTAG_S11_barcode_counts.tsv, results/6210_7_U2OS_pMT02_FK_rep1_CAGATC-AGCGCTAG_S7_barcode_counts.tsv, results/6210_15_mES_pMT02_N2B27-RA_rep1_TCAGCG-AGCGCTAG_S15_barcode_counts.tsv, results/6210_46_A549_pMT02_Dex-100_rep3_GCTTGT-CGCAGACG_S46_barcode_counts.tsv, results/6210_24_U2OS_pMT02_FK_rep2_CAGATC-GATATCGA_S24_barcode_counts.tsv, results/6210_17_mES_pMT02_N2B27-Bmp4_rep1_AGGCAT-AGCGCTAG_S17_barcode_counts.tsv, results/6210_51_mES_pMT02_N2B27-RA_rep3_TCAGCG-CGCAGACG_S51_barcode_counts.tsv, results/6210_33_mES_pMT02_N2B27-RA_rep2_TCAGCG-GATATCGA_S33_barcode_counts.tsv, results/6210_52_mES_pMT02_N2B27-Shh_rep3_GATCTG-CGCAGACG_S52_barcode_counts.tsv, results/6210_6_U2OS_pMT02_LPS_rep1_GCCAAT-AGCGCTAG_S6_barcode_counts.tsv, results/6210_29_A549_pMT02_Nutlin_rep2_ATGTTT-GATATCGA_S29_barcode_counts.tsv, results/6210_12_A549_pMT02_Nutlin_rep1_ATGTTT-AGCGCTAG_S12_barcode_counts.tsv, results/6210_35_mES_pMT02_N2B27-Bmp4_rep2_AGGCAT-GATATCGA_S35_barcode_counts.tsv, results/6210_47_A549_pMT02_Nutlin_rep3_ATGTTT-CGCAGACG_S47_barcode_counts.tsv, results/6210_45_A549_pMT02_DMSO_rep3_CTTGTA-CGCAGACG_S45_barcode_counts.tsv, results/6210_5_U2OS_pMT02_DMSO_rep1_ACAGTG-AGCGCTAG_S5_barcode_counts.tsv, results/6210_23_U2OS_pMT02_LPS_rep2_GCCAAT-GATATCGA_S23_barcode_counts.tsv, results/6210_53_mES_pMT02_N2B27-Bmp4_rep3_AGGCAT-CGCAGACG_S53_barcode_counts.tsv, results/6210_40_U2OS_pMT02_FK_rep3_CAGATC-CGCAGACG_S40_barcode_counts.tsv
    jobid: 0

Finished job 0.
49 of 49 steps (100%) done
Complete log: /DATA/usr/m.trauernicht/projects/SuRE-TF/gen-2/raw-data-analysis/.snakemake/log/2020-11-17T101511.693779.snakemake.log
